Generated at 2016-09-12 11:15:09 +0100
Chef::Exceptions::ValidationFailed: Option chef_environment's value ./environments/uat.json does not match regular expression /^[\-[:alnum:]_]+$/
/opt/chefdk/embedded/lib/ruby/gems/2.1.0/gems/chef-12.13.37/lib/chef/mixin/params_validate.rb:296:in `_pv_regex'
/opt/chefdk/embedded/lib/ruby/gems/2.1.0/gems/chef-12.13.37/lib/chef/mixin/params_validate.rb:106:in `block (2 levels) in validate'
/opt/chefdk/embedded/lib/ruby/gems/2.1.0/gems/chef-12.13.37/lib/chef/mixin/params_validate.rb:103:in `each'
/opt/chefdk/embedded/lib/ruby/gems/2.1.0/gems/chef-12.13.37/lib/chef/mixin/params_validate.rb:103:in `block in validate'
/opt/chefdk/embedded/lib/ruby/gems/2.1.0/gems/chef-12.13.37/lib/chef/mixin/params_validate.rb:93:in `each'
/opt/chefdk/embedded/lib/ruby/gems/2.1.0/gems/chef-12.13.37/lib/chef/mixin/params_validate.rb:93:in `validate'
/opt/chefdk/embedded/lib/ruby/gems/2.1.0/gems/chef-12.13.37/lib/chef/property.rb:470:in `validate'
/opt/chefdk/embedded/lib/ruby/gems/2.1.0/gems/chef-12.13.37/lib/chef/property.rb:660:in `coerce_and_validate'
/opt/chefdk/embedded/lib/ruby/gems/2.1.0/gems/chef-12.13.37/lib/chef/property.rb:639:in `input_to_stored_value'
/opt/chefdk/embedded/lib/ruby/gems/2.1.0/gems/chef-12.13.37/lib/chef/property.rb:392:in `set'
/opt/chefdk/embedded/lib/ruby/gems/2.1.0/gems/chef-12.13.37/lib/chef/property.rb:291:in `call'
/opt/chefdk/embedded/lib/ruby/gems/2.1.0/gems/chef-12.13.37/lib/chef/mixin/params_validate.rb:483:in `call'
/opt/chefdk/embedded/lib/ruby/gems/2.1.0/gems/chef-12.13.37/lib/chef/mixin/params_validate.rb:122:in `set_or_return'
/opt/chefdk/embedded/lib/ruby/gems/2.1.0/gems/chef-12.13.37/lib/chef/node.rb:128:in `chef_environment'
/opt/chefdk/embedded/lib/ruby/gems/2.1.0/gems/chef-12.13.37/lib/chef/policy_builder/expand_node_object.rb:146:in `build_node'
/opt/chefdk/embedded/lib/ruby/gems/2.1.0/gems/chef-12.13.37/lib/chef/client.rb:483:in `build_node'
/opt/chefdk/embedded/lib/ruby/gems/2.1.0/gems/chef-12.13.37/lib/chef/client.rb:271:in `run'
/opt/chefdk/embedded/lib/ruby/gems/2.1.0/gems/chef-12.13.37/lib/chef/application.rb:302:in `block in fork_chef_client'
/opt/chefdk/embedded/lib/ruby/gems/2.1.0/gems/chef-12.13.37/lib/chef/application.rb:290:in `fork'
/opt/chefdk/embedded/lib/ruby/gems/2.1.0/gems/chef-12.13.37/lib/chef/application.rb:290:in `fork_chef_client'
/opt/chefdk/embedded/lib/ruby/gems/2.1.0/gems/chef-12.13.37/lib/chef/application.rb:255:in `block in run_chef_client'
/opt/chefdk/embedded/lib/ruby/gems/2.1.0/gems/chef-12.13.37/lib/chef/local_mode.rb:44:in `with_server_connectivity'
/opt/chefdk/embedded/lib/ruby/gems/2.1.0/gems/chef-12.13.37/lib/chef/application.rb:243:in `run_chef_client'
/opt/chefdk/embedded/lib/ruby/gems/2.1.0/gems/chef-12.13.37/lib/chef/application/client.rb:464:in `sleep_then_run_chef_client'
/opt/chefdk/embedded/lib/ruby/gems/2.1.0/gems/chef-12.13.37/lib/chef/application/client.rb:451:in `block in interval_run_chef_client'
/opt/chefdk/embedded/lib/ruby/gems/2.1.0/gems/chef-12.13.37/lib/chef/application/client.rb:450:in `loop'
/opt/chefdk/embedded/lib/ruby/gems/2.1.0/gems/chef-12.13.37/lib/chef/application/client.rb:450:in `interval_run_chef_client'
/opt/chefdk/embedded/lib/ruby/gems/2.1.0/gems/chef-12.13.37/lib/chef/application/client.rb:434:in `run_application'
/opt/chefdk/embedded/lib/ruby/gems/2.1.0/gems/chef-12.13.37/lib/chef/application.rb:60:in `run'
/opt/chefdk/embedded/lib/ruby/gems/2.1.0/gems/chef-12.13.37/bin/chef-client:26:in `<top (required)>'
/opt/chefdk/bin/chef-client:53:in `load'
/opt/chefdk/bin/chef-client:53:in `<main>'